-------------------------------------------------------------------------------------------
      name:  <unnamed>
       log:  C:\Users\ebr\Dropbox\WageInequality\Analyse/log/eb_03_results_export_R.log
  log type:  text
 opened on:  23 Sep 2022, 11:45:12

. 
. /*
> This Do-File creates all graphics and tables from the paper in the order in which they ap
> pear in the paper.
> 
> TABLE OF CONTENTS:
> ------------------
> 0. Prepare Data for this file and save to temp folder
> 3.Stylized Facts about the Wage Structure in East and West Germany
>         3a. Generate Export info for inequality trend and indexed wage growth at 15th, 50
> th, 85th percentiles
> 4. Supply-Side Changes
>         4.1. Workforce Composition
>                 4a. East German Wage Inequality by Education and Age
>                 4b. Wage Gaps adjusted to 1995 demographics
>                 4c. Residual Wage Gaps adjusted to 1995 demographics
>         4.2. Changes along the Employment Margin
>                 4d. Employment and Population
>                 4e. Imputations of leaver and entrant wages - Log Wage Gaps 
>         4.3 Wage Differentials between Education Groups
>                 4f. Skill Premiums and Relative Skill Supplies
>                 4g. Card Lemieux Counterfactual and East/West college premium counterfact
> uals
> 5. The Role of Labor Market Institutions
>         5.1. Decline in Union Coverage
>                 5a. Collective Bargaining Coverage
>                 5b. Unionization and Wage Inequality - DFL Decomposition
>                 5c. Union Coverage by Wage Percentiles
>         5.2.Sectoral Minimum Wages
>                 5d. Share of Affected Workers
>                 5e. Wage Distributions in Industries with and without Minimum Wages
>                 5f.Minimum Wage Counterfactual for 2014
> 6. The Labor Demand Side 
>                 6a. Raw and Residual 85-50 Wage Gaps
> 
>         6.2 Polarization and Routinization              
>                 6d. Occupational Shifts Along the Skill Distribution
>                 6e. Log Wage Gaps - DFL Reweighting to 1995 Occupational Structure
>         6.3 The Role of International Trade
>                 6f. Log Wage Gaps - DFL Reweighting to 1995 Industry Structure
>                 6g.     Effects of trade on manufacturing wages
> BF. Appendix Figures
>         B1. Net Migration between East and West Germany and from Abroad
>         B2. Skill Premium and Relative Skill Supplies of Medium- to Low-skilled Workers
>         B3. Occupational task inputs
>         B4. Occupational median wage shifts along the skill distribution
> BT. Appendix Tables     
>         B1. Summary Statistics Table
>         B2. Employment share and wage inequality within age and education groups (WEST)
>         B3. Log Wage Gaps after Imputation - West Germany
>         B4. Demographic Adjustments and Change in Log Wage Gaps
>         B5. Entrant and Leaver Characteristics
> */
. 
. //======================================================================================
. //      0. Prepare Data for this file and save to temp folder
. //======================================================================================
. 
. //Load Data that will be needed
. use $siab_panel, clear
(SIAB-R 7517 Panel for East Germany Project - 14 Sep 2022 - 11:49:53)

. 
. //We only look at years after 1995
. keep if year>=1995
(0 observations deleted)

. 
. //Define the labels
. definelabels

. 
. //Relabel industry
. label values industry indlab

. //INDLAB AINGHT RIGHT ANYMORE!
. tab industry

           w08_3 vervollstaendigt durch |
  Extrapolation/Imputation, vergroebert |      Freq.     Percent        Cum.
----------------------------------------+-----------------------------------
(A,B,D,E) Agriculture, forestry, mining |    207,370        2.45        2.45
          (CA,CB,CC,CM) Manufacturing 1 |    629,839        7.43        9.88
       (CD,CE,CF,CG,CH) Manufacturing 2 |    807,287        9.53       19.41
          (CI,CJ,CK,CL) Manufacturing 3 |  1,018,767       12.02       31.43
                       (F) Construction |    665,668        7.86       39.29
        (G) Wholesale and retail trades |  1,169,353       13.80       53.09
         (H) Transportation and storage |    471,895        5.57       58.66
                         (I) Gastronomy |    214,421        2.53       61.19
(J,L,M,N) Information; Real estate; Bus |  1,260,273       14.87       76.07
(K)  Financial and insurance activities |    328,196        3.87       79.94
  (O) Public administration and defence |    464,133        5.48       85.42
                          (P) Education |    210,781        2.49       87.91
              (Q) Human health services |    752,914        8.89       96.79
               (R,S,T,U) Other services |    271,826        3.21      100.00
----------------------------------------+-----------------------------------
                                  Total |  8,472,723      100.00

. 
. //Generate 8 quantiles of age and label them 
. xtile age_q = age, nq(8)

. label values age_q agelab

. tab age_q

8 quantiles |
     of age |      Freq.     Percent        Cum.
------------+-----------------------------------
   20 to 27 |  1,109,440       13.06       13.06
   28 to 31 |  1,120,883       13.19       26.25
   32 to 36 |  1,189,211       13.99       40.24
   37 to 40 |    975,543       11.48       51.72
   41 to 44 |    999,485       11.76       63.48
   45 to 49 |    981,016       11.54       75.02
   50 to 54 |  1,080,802       12.72       87.74
   55 to 62 |  1,041,582       12.26      100.00
------------+-----------------------------------
      Total |  8,497,962      100.00

. 
. //Generate a monthly wage variable
. gen mwage = realw_imp*30

. 
. //Save to tempile
. savetemp siab_main
C:\wi_temp
file siab_main.dta saved

. 
. 
. //=======================================================================
. // 3. Stylized Facts about the Wage Structure in East and West Germany
. //=======================================================================
. 
. //-------------------------------------------------------------------------
. //      3a. Export codes for the wage trend figure and the indexed percentiles
. //-------------------------------------------------------------------------
. 
. loadtemp siab_main
C:\wi_temp
(siab_main - 23 Sep 2022 11:45:38)

. drop if female==1
(2,960,797 observations deleted)

. 
. cap label define wo_berlin 0 "" 1 "_wo_berl"

. cap label define ftw       0 "" 1 "_ft_weighted"

. cap label define b_command 0 "" 1 "drop if state==11"

. cap label define wght      0 "" 1 "[aw=ft_weight]"

. forvalues w=0/1{
  2.         forvalues b=0/1{
  3.                 local weight:    label ftw `w'
  4.                 local wght_call: label wght `w'
  5.                 local command:   label b_command `b'
  6.                 local berl:      label wo_berlin `b'
  7.                 local sfx = "`weight'`berl'"
  8.                 display "Computing `sfx'"
  9.                 preserve 
 10.                         `command'
 11.                         gcollapse (p15) p15=lwage_imp (p50) p50=lwage_imp (p85) p85=lw
> age_imp (sd) sd=lwage_imp `wght_call', by(year east)
 12.                         
.                         drop if east==. 
 13.                         gen wg85_50 = p85 - p50
 14.                         gen wg50_15 = p50 - p15
 15.                         
.                         mkmat east year wg85_50 wg50_15 sd, mat(m_wgtrend`sfx')
 16.                         mkmat east year p15 p50 p85, mat(m_pct`sfx')
 17.                         display ". matrix list m_wgtrend`sfx'"
 18.                         matrix list m_wgtrend`sfx'
 19.                         display ". matrix list m_pct`sfx'"
 20.                         matrix list m_pct`sfx'
 21.                 restore
 22.         }
 23. }
Computing 
(0 observations deleted)
. matrix list m_wgtrend

m_wgtrend[46,5]
          east       year    wg85_50    wg50_15         sd
 r1          0       1995  .41655493  .29285288  .37576231
 r2          1       1995  .42744398  .31740665   .3789331
 r3          0       1996  .41709471  .29921961  .37818015
 r4          1       1996  .43242121    .326684  .38514873
 r5          0       1997  .42543364  .29951668  .39004251
 r6          1       1997  .44828033  .32234097  .39694482
 r7          0       1998  .43870783  .31411934  .40749249
 r8          1       1998  .46598005  .34629107  .41492593
 r9          0       1999  .45015192  .31845379  .42048258
r10          1       1999  .48798609  .34441805  .42513171
r11          0       2000  .44991684  .33420181  .42585018
r12          1       2000  .50010729  .35043192  .43038076
r13          0       2001  .45085907  .33899212   .4317269
r14          1       2001  .51079798  .36468792  .44039327
r15          0       2002  .46057081  .34740114  .44031185
r16          1       2002   .5183115  .37202406  .44779986
r17          0       2003  .47656107  .34933567  .44802541
r18          1       2003  .53400517  .37605143  .45867211
r19          0       2004  .48383379  .36952066  .46068901
r20          1       2004  .54075718  .38877869  .47140479
r21          0       2005  .49235773  .38444042  .46997738
r22          1       2005  .55117702   .3950305  .47830331
r23          0       2006  .50108433  .40032387  .48410627
r24          1       2006  .55476665  .41684341  .49428138
r25          0       2007  .51082563  .41878605  .49263573
r26          1       2007  .56159496   .4148922  .49913743
r27          0       2008  .50884342  .42973232  .49687871
r28          1       2008  .56635952  .41718364  .50149733
r29          0       2009  .51459837  .41650724   .4933134
r30          1       2009  .57532406  .42923999  .50955105
r31          0       2010  .51466465  .44410133  .50282711
r32          1       2010  .59525347  .43316984  .51547164
r33          0       2011  .51731825  .44425344  .49675506
r34          1       2011  .58540773  .41925859  .49714369
r35          0       2012  .51455688  .43655396  .48343652
r36          1       2012  .58433008  .40723157  .48102188
r37          0       2013   .5152297  .43702602  .47931415
r38          1       2013  .57666063  .40446591  .47402874
r39          0       2014  .51601362  .44287968  .47967312
r40          1       2014  .56673336   .4071064  .47137964
r41          0       2015  .51873684  .44479227   .4753688
r42          1       2015  .57001448  .38332844   .4484148
r43          0       2016  .52201366  .44468546   .4745307
r44          1       2016  .56639528  .38776541  .44648522
r45          0       2017  .52418137  .44839001  .47271296
r46          1       2017   .5645299  .37156343  .44103572
. matrix list m_pct

m_pct[46,5]
          east       year        p15        p50        p85
 r1          0       1995  4.4412284  4.7340813  5.1506362
 r2          1       1995  4.0601077  4.3775144  4.8049583
 r3          0       1996  4.4304647  4.7296844  5.1467791
 r4          1       1996  4.0566897  4.3833737  4.8157949
 r5          0       1997  4.4214578  4.7209744  5.1464081
 r6          1       1997  4.0491738  4.3715148  4.8197951
 r7          0       1998  4.4174972  4.7316165  5.1703243
 r8          1       1998  4.0276623  4.3739533  4.8399334
 r9          0       1999  4.4217758  4.7402296  5.1903815
r10          1       1999  4.0338526  4.3782706  4.8662567
r11          0       2000    4.41116  4.7453618  5.1952786
r12          1       2000  4.0318942  4.3823261  4.8824334
r13          0       2001  4.4088068  4.7477989   5.198658
r14          1       2001  4.0260067  4.3906946  4.9014926
r15          0       2002  4.4063411  4.7537422   5.214313
r16          1       2002  4.0350709   4.407095  4.9254065
r17          0       2003  4.4079876  4.7573233  5.2338843
r18          1       2003  4.0266004  4.4026518   4.936657
r19          0       2004  4.3780985  4.7476192  5.2314529
r20          1       2004  3.9998455  4.3886242  4.9293814
r21          0       2005  4.3609629  4.7454033   5.237761
r22          1       2005  3.9902639  4.3852944  4.9364715
r23          0       2006  4.3378816  4.7382054  5.2392898
r24          1       2006  3.9509649  4.3678083   4.922575
r25          0       2007  4.3102479  4.7290339  5.2398596
r26          1       2007  3.9365368   4.351429  4.9130239
r27          0       2008    4.29182  4.7215524  5.2303958
r28          1       2008  3.9290655  4.3462491  4.9126086
r29          0       2009  4.3091002  4.7256074  5.2402058
r30          1       2009  3.9328544  4.3620944  4.9374185
r31          0       2010  4.2888513  4.7329526  5.2476172
r32          1       2010  3.9216504  4.3548203  4.9500737
r33          0       2011  4.2871418  4.7313952  5.2487135
r34          1       2011  3.9444075  4.3636661  4.9490738
r35          0       2012  4.2987981   4.735352  5.2499089
r36          1       2012   3.965101  4.3723326  4.9566627
r37          0       2013  4.3054962  4.7425222  5.2577519
r38          1       2013  3.9797561   4.384222  4.9608827
r39          0       2014  4.3160462  4.7589259  5.2749395
r40          1       2014  4.0031471  4.4102535  4.9769869
r41          0       2015  4.3209224  4.7657146  5.2844515
r42          1       2015  4.0441732  4.4275017  4.9975162
r43          0       2016  4.3303661  4.7750516  5.2970653
r44          1       2016  4.0588465  4.4466119  5.0130072
r45          0       2017  4.3307333  4.7791233  5.3033047
r46          1       2017  4.0943446  4.4659081  5.0304379
Computing _wo_berl
(194,060 observations deleted)
(0 observations deleted)
. matrix list m_wgtrend_wo_berl

m_wgtrend_wo_berl[46,5]
          east       year    wg85_50    wg50_15         sd
 r1          0       1995  .41655493  .29285288  .37576231
 r2          1       1995  .38533306  .29402351  .34855351
 r3          0       1996  .41709471  .29921961  .37818015
 r4          1       1996  .38875961  .29458857  .35598132
 r5          0       1997  .42543364  .29951668  .39004251
 r6          1       1997  .40546465  .29924297  .36733478
 r7          0       1998  .43870783  .31411934  .40749249
 r8          1       1998  .41756773  .31135273  .38151559
 r9          0       1999  .45015192  .31845379  .42048258
r10          1       1999  .44657707  .31075191  .39264449
r11          0       2000  .44991684  .33420181  .42585018
r12          1       2000  .46433544  .31775904  .39667743
r13          0       2001  .45085907  .33899212   .4317269
r14          1       2001  .47012043  .32668447  .40523744
r15          0       2002  .46057081  .34740114  .44031185
r16          1       2002  .48642015  .33647251  .41140184
r17          0       2003  .47656107  .34933567  .44802541
r18          1       2003  .49174213  .32936811  .42073154
r19          0       2004  .48383379  .36952066  .46068901
r20          1       2004  .49528122  .35263729  .43152922
r21          0       2005  .49235773  .38444042  .46997738
r22          1       2005  .50130463  .35798049  .43713364
r23          0       2006  .50108433  .40032387  .48410627
r24          1       2006  .50550222    .371912  .45414659
r25          0       2007  .51082563  .41878605  .49263573
r26          1       2007  .52003622  .36932659  .46053785
r27          0       2008  .50884342  .42973232  .49687871
r28          1       2008  .52488327  .37798429  .46338511
r29          0       2009  .51459837  .41650724   .4933134
r30          1       2009  .54360962  .37821436  .47031021
r31          0       2010  .51466465  .44410133  .50282711
r32          1       2010  .55244684  .38195467  .47887611
r33          0       2011  .51731825  .44425344  .49675506
r34          1       2011  .54835081  .38395882  .46232975
r35          0       2012  .51455688  .43655396  .48343652
r36          1       2012  .54552603  .37085962  .44823745
r37          0       2013   .5152297  .43702602  .47931415
r38          1       2013  .54050064  .36614776  .44418257
r39          0       2014  .51601362  .44287968  .47967312
r40          1       2014  .53713894  .36506939  .44189939
r41          0       2015  .51873684  .44479227   .4753688
r42          1       2015  .54113102  .34937572  .42035285
r43          0       2016  .52201366  .44468546   .4745307
r44          1       2016  .52847433  .34942055  .41766614
r45          0       2017  .52418137  .44839001  .47271296
r46          1       2017  .52991962  .34130287  .41055796
. matrix list m_pct_wo_berl

m_pct_wo_berl[46,5]
          east       year        p15        p50        p85
 r1          0       1995  4.4412284  4.7340813  5.1506362
 r2          1       1995  4.0375304  4.3315539   4.716887
 r3          0       1996  4.4304647  4.7296844  5.1467791
 r4          1       1996  4.0390539  4.3336425  4.7224021
 r5          0       1997  4.4214578  4.7209744  5.1464081
 r6          1       1997  4.0261846  4.3254275  4.7308922
 r7          0       1998  4.4174972  4.7316165  5.1703243
 r8          1       1998  4.0155525  4.3269053   4.744473
 r9          0       1999  4.4217758  4.7402296  5.1903815
r10          1       1999  4.0164485  4.3272004  4.7737775
r11          0       2000    4.41116  4.7453618  5.1952786
r12          1       2000  4.0089045  4.3266635  4.7909989
r13          0       2001  4.4088068  4.7477989   5.198658
r14          1       2001  4.0146222  4.3413067  4.8114271
r15          0       2002  4.4063411  4.7537422   5.214313
r16          1       2002  4.0135698  4.3500423  4.8364625
r17          0       2003  4.4079876  4.7573233  5.2338843
r18          1       2003  4.0212398  4.3506079    4.84235
r19          0       2004  4.3780985  4.7476192  5.2314529
r20          1       2004  3.9854507   4.338088  4.8333693
r21          0       2005  4.3609629  4.7454033   5.237761
r22          1       2005  3.9782765   4.336257  4.8375616
r23          0       2006  4.3378816  4.7382054  5.2392898
r24          1       2006  3.9473052  4.3192172  4.8247194
r25          0       2007  4.3102479  4.7290339  5.2398596
r26          1       2007   3.930593  4.2999196  4.8199558
r27          0       2008    4.29182  4.7215524  5.2303958
r28          1       2008  3.9188049  4.2967892  4.8216724
r29          0       2009  4.3091002  4.7256074  5.2402058
r30          1       2009  3.9306912  4.3089056  4.8525152
r31          0       2010  4.2888513  4.7329526  5.2476172
r32          1       2010  3.9207816  4.3027363  4.8551831
r33          0       2011  4.2871418  4.7313952  5.2487135
r34          1       2011  3.9283886  4.3123474  4.8606982
r35          0       2012  4.2987981   4.735352  5.2499089
r36          1       2012  3.9506431  4.3215027  4.8670287
r37          0       2013  4.3054962  4.7425222  5.2577519
r38          1       2013  3.9722421  4.3383899  4.8788905
r39          0       2014  4.3160462  4.7589259  5.2749395
r40          1       2014  3.9985189  4.3635883  4.9007273
r41          0       2015  4.3209224  4.7657146  5.2844515
r42          1       2015  4.0281157  4.3774915  4.9186225
r43          0       2016  4.3303661  4.7750516  5.2970653
r44          1       2016  4.0578809  4.4073014  4.9357758
r45          0       2017  4.3307333  4.7791233  5.3033047
r46          1       2017  4.0775375  4.4188404    4.94876
Computing _ft_weighted
(0 observations deleted)
. matrix list m_wgtrend_ft_weighted

m_wgtrend_ft_weighted[46,5]
          east       year    wg85_50    wg50_15         sd
 r1          0       1995  .41092491  .27723026  .35897246
 r2          1       1995   .4170866    .304245  .36110976
 r3          0       1996  .41334486  .27980232   .3608354
 r4          1       1996  .43242121  .30421114  .36642343
 r5          0       1997  .42179537  .28022718  .37318698
 r6          1       1997  .43799448  .30921984  .37683627
 r7          0       1998  .43493223  .29471159  .38995233
 r8          1       1998  .45735979  .32385445  .39462486
 r9          0       1999  .44578886  .30019522  .40164793
r10          1       1999  .47965574  .32880259  .40346798
r11          0       2000  .44496775  .31538582  .40640777
r12          1       2000  .49503756  .33024168  .40936771
r13          0       2001  .44950724   .3207221  .41320103
r14          1       2001   .5063386  .33673334  .41784352
r15          0       2002  .45701456  .32687807  .42068782
r16          1       2002  .50990438  .34840393  .42432407
r17          0       2003  .47462225  .33045578  .42740902
r18          1       2003  .53150558  .35011005  .43310019
r19          0       2004  .47901726   .3476615  .44032493
r20          1       2004   .5312109  .36357355  .44414344
r21          0       2005  .48959064  .35496378   .4501707
r22          1       2005  .53899622    .376616  .45173621
r23          0       2006  .49810553  .37613678  .46479061
r24          1       2006  .54208279  .39075947  .46561438
r25          0       2007  .50624466  .39500809  .47464308
r26          1       2007  .55762196  .39094234  .47403038
r27          0       2008  .49952888  .41122627  .47940949
r28          1       2008  .55851746  .39628053   .4769085
r29          0       2009  .51048279  .39878321  .47668824
r30          1       2009  .56500959  .41013956  .48629886
r31          0       2010  .51082563  .42381811  .48724756
r32          1       2010  .58494616  .41136837  .49287069
r33          0       2011   .5131216  .43379259  .48722851
r34          1       2011  .57900858  .41031861  .48521683
r35          0       2012  .51455688  .43655396  .48343652
r36          1       2012  .58433008  .40723157  .48102188
r37          0       2013   .5152297  .43702602  .47931415
r38          1       2013  .57666063  .40446591  .47402874
r39          0       2014  .51601362  .44287968  .47967312
r40          1       2014  .56673336   .4071064  .47137964
r41          0       2015  .51873684  .44479227   .4753688
r42          1       2015  .57001448  .38332844   .4484148
r43          0       2016  .52201366  .44468546   .4745307
r44          1       2016  .56639528  .38776541  .44648522
r45          0       2017  .52418137  .44839001  .47271296
r46          1       2017   .5645299  .37156343  .44103572
. matrix list m_pct_ft_weighted

m_pct_ft_weighted[46,5]
          east       year        p15        p50        p85
 r1          0       1995  4.4712729  4.7485032  5.1594281
 r2          1       1995  4.0957303  4.3999753  4.8170619
 r3          0       1996  4.4617167   4.741519  5.1548638
 r4          1       1996  4.0972538  4.4014649  4.8338861
 r5          0       1997  4.4524431  4.7326703  5.1544657
 r6          1       1997  4.0838327  4.3930526  4.8310471
 r7          0       1998  4.4484658  4.7431774  5.1781096
 r8          1       1998  4.0697422  4.3935966  4.8509564
 r9          0       1999  4.4525476  4.7527428  5.1985316
r10          1       1999  4.0695806  4.3983831  4.8780389
r11          0       2000  4.4431701  4.7585559  5.2035236
r12          1       2000   4.069838  4.4000797  4.8951173
r13          0       2001  4.4382205  4.7589426  5.2084498
r14          1       2001  4.0694919  4.4062252  4.9125638
r15          0       2002  4.4392014  4.7660794   5.223094
r16          1       2002  4.0776305  4.4260345  4.9359388
r17          0       2003  4.4378405  4.7682962  5.2429185
r18          1       2003    4.06916    4.41927  4.9507756
r19          0       2004  4.4150772  4.7627387   5.241756
r20          1       2004  4.0491171  4.4126906  4.9439015
r21          0       2005  4.4013119  4.7562757  5.2458663
r22          1       2005  4.0337491  4.4103651  4.9493613
r23          0       2006  4.3731418  4.7492785  5.2473841
r24          1       2006   4.002038  4.3927975  4.9348803
r25          0       2007  4.3460226  4.7410307  5.2472754
r26          1       2007  3.9809887  4.3719311   4.929553
r27          0       2008  4.3255754  4.7368016  5.2363305
r28          1       2008  3.9716251  4.3679056  4.9264231
r29          0       2009  4.3385139  4.7372971  5.2477798
r30          1       2009  3.9732509  4.3833904     4.9484
r31          0       2010  4.3187041  4.7425222  5.2533479
r32          1       2010  3.9633412  4.3747096  4.9596558
r33          0       2011  4.3066707  4.7404633  5.2535849
r34          1       2011  3.9650266  4.3753452  4.9543538
r35          0       2012  4.2987981   4.735352  5.2499089
r36          1       2012   3.965101  4.3723326  4.9566627
r37          0       2013  4.3054962  4.7425222  5.2577519
r38          1       2013  3.9797561   4.384222  4.9608827
r39          0       2014  4.3160462  4.7589259  5.2749395
r40          1       2014  4.0031471  4.4102535  4.9769869
r41          0       2015  4.3209224  4.7657146  5.2844515
r42          1       2015  4.0441732  4.4275017  4.9975162
r43          0       2016  4.3303661  4.7750516  5.2970653
r44          1       2016  4.0588465  4.4466119  5.0130072
r45          0       2017  4.3307333  4.7791233  5.3033047
r46          1       2017  4.0943446  4.4659081  5.0304379
Computing _ft_weighted_wo_berl
(194,060 observations deleted)
(0 observations deleted)
. matrix list m_wgtrend_ft_weighted_wo_berl

m_wgtrend_ft_weighted_wo_berl[46,5]
          east       year    wg85_50    wg50_15         sd
 r1          0       1995  .41092491  .27723026  .35897246
 r2          1       1995  .38136721  .27504873  .33366281
 r3          0       1996  .41334486  .27980232   .3608354
 r4          1       1996  .39200735  .28124475  .34067339
 r5          0       1997  .42179537  .28022718  .37318698
 r6          1       1997  .40055656  .28116179  .35098183
 r7          0       1998  .43493223  .29471159  .38995233
 r8          1       1998  .41798496  .28996515  .36532462
 r9          0       1999  .44578886  .30019522  .40164793
r10          1       1999   .4406991   .2968998  .37545353
r11          0       2000  .44496775  .31538582  .40640777
r12          1       2000  .45953226  .29561138   .3797462
r13          0       2001  .44950724   .3207221  .41320103
r14          1       2001  .46694756  .30958128  .38870192
r15          0       2002  .45701456  .32687807  .42068782
r16          1       2002  .48021984  .31402349   .3945016
r17          0       2003  .47462225  .33045578  .42740902
r18          1       2003  .48529625  .32423973  .40220067
r19          0       2004  .47901726   .3476615  .44032493
r20          1       2004  .48550797  .33024168  .41300178
r21          0       2005  .48959064  .35496378   .4501707
r22          1       2005  .49260569  .34319878  .41924697
r23          0       2006  .49810553  .37613678  .46479061
r24          1       2006  .49844122  .34574604  .43273792
r25          0       2007  .50624466  .39500809  .47464308
r26          1       2007  .50759602  .35511041  .44137505
r27          0       2008  .49952888  .41122627  .47940949
r28          1       2008  .51380634  .36362791  .44539213
r29          0       2009  .51048279  .39878321  .47668824
r30          1       2009  .53752851  .36446834  .45486379
r31          0       2010  .51082563  .42381811  .48724756
r32          1       2010   .5498786  .36935997   .4627904
r33          0       2011   .5131216  .43379259  .48722851
r34          1       2011  .54403114  .37225962  .45463434
r35          0       2012  .51455688  .43655396  .48343652
r36          1       2012  .54552603  .37085962  .44823745
r37          0       2013   .5152297  .43702602  .47931415
r38          1       2013  .54050064  .36614776  .44418257
r39          0       2014  .51601362  .44287968  .47967312
r40          1       2014  .53713894  .36506939  .44189939
r41          0       2015  .51873684  .44479227   .4753688
r42          1       2015  .54113102  .34937572  .42035285
r43          0       2016  .52201366  .44468546   .4745307
r44          1       2016  .52847433  .34942055  .41766614
r45          0       2017  .52418137  .44839001  .47271296
r46          1       2017  .52991962  .34130287  .41055796
. matrix list m_pct_ft_weighted_wo_berl

m_pct_ft_weighted_wo_berl[46,5]
          east       year        p15        p50        p85
 r1          0       1995  4.4712729  4.7485032  5.1594281
 r2          1       1995   4.072741  4.3477898   4.729157
 r3          0       1996  4.4617167   4.741519  5.1548638
 r4          1       1996  4.0707836  4.3520284  4.7440357
 r5          0       1997  4.4524431  4.7326703  5.1544657
 r6          1       1997  4.0613599  4.3425217  4.7430782
 r7          0       1998  4.4484658  4.7431774  5.1781096
 r8          1       1998   4.050652  4.3406172  4.7586021
 r9          0       1999  4.4525476  4.7527428  5.1985316
r10          1       1999  4.0471077  4.3440075  4.7847066
r11          0       2000  4.4431701  4.7585559  5.2035236
r12          1       2000  4.0478592  4.3434706  4.8030028
r13          0       2001  4.4382205  4.7589426  5.2084498
r14          1       2001  4.0479856  4.3575668  4.8245144
r15          0       2002  4.4392014  4.7660794   5.223094
r16          1       2002  4.0565772  4.3706007  4.8508205
r17          0       2003  4.4378405  4.7682962  5.2429185
r18          1       2003  4.0481067  4.3723464  4.8576427
r19          0       2004  4.4150772  4.7627387   5.241756
r20          1       2004  4.0276108  4.3578525  4.8433604
r21          0       2005  4.4013119  4.7562757  5.2458663
r22          1       2005  4.0122428  4.3554416  4.8480473
r23          0       2006  4.3731418  4.7492785  5.2473841
r24          1       2006  3.9917569   4.337503  4.8359442
r25          0       2007  4.3460226  4.7410307  5.2472754
r26          1       2007  3.9664657  4.3215761  4.8291721
r27          0       2008  4.3255754  4.7368016  5.2363305
r28          1       2008   3.953207  4.3168349  4.8306413
r29          0       2009  4.3385139  4.7372971  5.2477798
r30          1       2009  3.9592521  4.3237205   4.861249
r31          0       2010  4.3187041  4.7425222  5.2533479
r32          1       2010  3.9481912  4.3175511  4.8674297
r33          0       2011  4.3066707  4.7404633  5.2535849
r34          1       2011  3.9494419  4.3217015  4.8657327
r35          0       2012  4.2987981   4.735352  5.2499089
r36          1       2012  3.9506431  4.3215027  4.8670287
r37          0       2013  4.3054962  4.7425222  5.2577519
r38          1       2013  3.9722421  4.3383899  4.8788905
r39          0       2014  4.3160462  4.7589259  5.2749395
r40          1       2014  3.9985189  4.3635883  4.9007273
r41          0       2015  4.3209224  4.7657146  5.2844515
r42          1       2015  4.0281157  4.3774915  4.9186225
r43          0       2016  4.3303661  4.7750516  5.2970653
r44          1       2016  4.0578809  4.4073014  4.9357758
r45          0       2017  4.3307333  4.7791233  5.3033047
r46          1       2017  4.0775375  4.4188404    4.94876

. 
. 
end of do-file

. cap log close
